0 verbose cli C:\Program Files\nodejs\node.exe C:\Program Files\nodejs\node_modules\npm\bin\npm-cli.js
1 info using npm@11.13.0
2 info using node@v24.17.0
3 silly config load:file:C:\Program Files\nodejs\node_modules\npm\npmrc
4 silly config load:file:C:\Users\manfr\Desktop\MGCF-2.0\backend\.npmrc
5 silly config load:file:C:\Users\manfr\.npmrc
6 silly config load:file:C:\Users\manfr\AppData\Roaming\npm\etc\npmrc
7 verbose title npm install nodemailer@6.9.16
8 verbose argv "install" "nodemailer@6.9.16"
9 verbose logfile logs-max:10 dir:C:\Users\manfr\Desktop\MGCF-2.0\.npm-cache\_logs\2026-07-07T16_38_56_315Z-
10 verbose logfile C:\Users\manfr\Desktop\MGCF-2.0\.npm-cache\_logs\2026-07-07T16_38_56_315Z-debug-0.log
11 silly logfile done cleaning log files
12 silly packumentCache heap:2348810240 maxSize:587202560 maxEntrySize:293601280
13 verbose shrinkwrap failed to load node_modules/.package-lock.json out of date, updated: node_modules
14 silly idealTree buildDeps
15 silly fetch manifest nodemailer@6.9.16
16 silly packumentCache full:https://registry.npmjs.org/nodemailer cache-miss
17 http fetch GET 200 https://registry.npmjs.org/nodemailer 294ms (cache miss)
18 silly packumentCache full:https://registry.npmjs.org/nodemailer set size:undefined disposed:false
19 silly placeDep ROOT nodemailer@6.9.16 OK for: backend@1.0.0 want: 6.9.16
20 silly reify moves {}
21 silly audit bulk request {
21 silly audit   accepts: [ '2.0.0' ],
21 silly audit   anymatch: [ '3.1.3' ],
21 silly audit   'balanced-match': [ '4.0.4' ],
21 silly audit   bcrypt: [ '6.0.0' ],
21 silly audit   'binary-extensions': [ '2.3.0' ],
21 silly audit   'body-parser': [ '2.3.0' ],
21 silly audit   'content-type': [ '2.0.0', '1.0.5' ],
21 silly audit   'brace-expansion': [ '5.0.7' ],
21 silly audit   braces: [ '3.0.3' ],
21 silly audit   'buffer-equal-constant-time': [ '1.0.1' ],
21 silly audit   bytes: [ '3.1.2' ],
21 silly audit   'call-bind-apply-helpers': [ '1.0.2' ],
21 silly audit   'call-bound': [ '1.0.4' ],
21 silly audit   chokidar: [ '3.6.0' ],
21 silly audit   'content-disposition': [ '1.1.0' ],
21 silly audit   cookie: [ '0.7.2' ],
21 silly audit   'cookie-signature': [ '1.2.2' ],
21 silly audit   cors: [ '2.8.6' ],
21 silly audit   debug: [ '4.4.3' ],
21 silly audit   depd: [ '2.0.0' ],
21 silly audit   dotenv: [ '17.4.2' ],
21 silly audit   'dunder-proto': [ '1.0.1' ],
21 silly audit   'ecdsa-sig-formatter': [ '1.0.11' ],
21 silly audit   'ee-first': [ '1.1.1' ],
21 silly audit   encodeurl: [ '2.0.0' ],
21 silly audit   'es-define-property': [ '1.0.1' ],
21 silly audit   'es-errors': [ '1.3.0' ],
21 silly audit   'es-object-atoms': [ '1.1.2' ],
21 silly audit   'escape-html': [ '1.0.3' ],
21 silly audit   etag: [ '1.8.1' ],
21 silly audit   express: [ '5.2.1' ],
21 silly audit   'fill-range': [ '7.1.1' ],
21 silly audit   finalhandler: [ '2.1.1' ],
21 silly audit   forwarded: [ '0.2.0' ],
21 silly audit   fresh: [ '2.0.0' ],
21 silly audit   fsevents: [ '2.3.3' ],
21 silly audit   'function-bind': [ '1.1.2' ],
21 silly audit   'get-intrinsic': [ '1.3.0' ],
21 silly audit   'get-proto': [ '1.0.1' ],
21 silly audit   'glob-parent': [ '5.1.2' ],
21 silly audit   gopd: [ '1.2.0' ],
21 silly audit   'has-flag': [ '3.0.0' ],
21 silly audit   'has-symbols': [ '1.1.0' ],
21 silly audit   hasown: [ '2.0.4' ],
21 silly audit   'http-errors': [ '2.0.1' ],
21 silly audit   'iconv-lite': [ '0.7.3' ],
21 silly audit   'ignore-by-default': [ '1.0.1' ],
21 silly audit   inherits: [ '2.0.4' ],
21 silly audit   'ipaddr.js': [ '1.9.1' ],
21 silly audit   'is-binary-path': [ '2.1.0' ],
21 silly audit   'is-extglob': [ '2.1.1' ],
21 silly audit   'is-glob': [ '4.0.3' ],
21 silly audit   'is-number': [ '7.0.0' ],
21 silly audit   'is-promise': [ '4.0.0' ],
21 silly audit   jsonwebtoken: [ '9.0.3' ],
21 silly audit   jwa: [ '2.0.1' ],
21 silly audit   jws: [ '4.0.1' ],
21 silly audit   'lodash.includes': [ '4.3.0' ],
21 silly audit   'lodash.isboolean': [ '3.0.3' ],
21 silly audit   'lodash.isinteger': [ '4.0.4' ],
21 silly audit   'lodash.isnumber': [ '3.0.3' ],
21 silly audit   'lodash.isplainobject': [ '4.0.6' ],
21 silly audit   'lodash.isstring': [ '4.0.1' ],
21 silly audit   'lodash.once': [ '4.1.1' ],
21 silly audit   'math-intrinsics': [ '1.1.0' ],
21 silly audit   'media-typer': [ '1.1.0' ],
21 silly audit   'merge-descriptors': [ '2.0.0' ],
21 silly audit   'mime-db': [ '1.54.0' ],
21 silly audit   'mime-types': [ '3.0.2' ],
21 silly audit   minimatch: [ '10.2.5' ],
21 silly audit   ms: [ '2.1.3' ],
21 silly audit   negotiator: [ '1.0.0' ],
21 silly audit   'node-addon-api': [ '8.9.0' ],
21 silly audit   'node-gyp-build': [ '4.8.4' ],
21 silly audit   nodemon: [ '3.1.14' ],
21 silly audit   'normalize-path': [ '3.0.0' ],
21 silly audit   'object-assign': [ '4.1.1' ],
21 silly audit   'object-inspect': [ '1.13.4' ],
21 silly audit   'on-finished': [ '2.4.1' ],
21 silly audit   once: [ '1.4.0' ],
21 silly audit   parseurl: [ '1.3.3' ],
21 silly audit   'path-to-regexp': [ '8.4.2' ],
21 silly audit   pg: [ '8.22.0' ],
21 silly audit   'pg-cloudflare': [ '1.4.0' ],
21 silly audit   'pg-connection-string': [ '2.14.0' ],
21 silly audit   'pg-int8': [ '1.0.1' ],
21 silly audit   'pg-pool': [ '3.14.0' ],
21 silly audit   'pg-protocol': [ '1.15.0' ],
21 silly audit   'pg-types': [ '2.2.0' ],
21 silly audit   pgpass: [ '1.0.5' ],
21 silly audit   picomatch: [ '2.3.2' ],
21 silly audit   'postgres-array': [ '2.0.0' ],
21 silly audit   'postgres-bytea': [ '1.0.1' ],
21 silly audit   'postgres-date': [ '1.0.7' ],
21 silly audit   'postgres-interval': [ '1.2.0' ],
21 silly audit   'proxy-addr': [ '2.0.7' ],
21 silly audit   'pstree.remy': [ '1.1.8' ],
21 silly audit   qs: [ '6.15.3' ],
21 silly audit   'range-parser': [ '1.3.0' ],
21 silly audit   'raw-body': [ '3.0.2' ],
21 silly audit   readdirp: [ '3.6.0' ],
21 silly audit   router: [ '2.2.0' ],
21 silly audit   'safe-buffer': [ '5.2.1' ],
21 silly audit   'safer-buffer': [ '2.1.2' ],
21 silly audit   semver: [ '7.8.5' ],
21 silly audit   send: [ '1.2.1' ],
21 silly audit   'serve-static': [ '2.2.1' ],
21 silly audit   setprototypeof: [ '1.2.0' ],
21 silly audit   'side-channel': [ '1.1.1' ],
21 silly audit   'side-channel-list': [ '1.0.1' ],
21 silly audit   'side-channel-map': [ '1.0.1' ],
21 silly audit   'side-channel-weakmap': [ '1.0.2' ],
21 silly audit   'simple-update-notifier': [ '2.0.0' ],
21 silly audit   split2: [ '4.2.0' ],
21 silly audit   statuses: [ '2.0.2' ],
21 silly audit   'supports-color': [ '5.5.0' ],
21 silly audit   'to-regex-range': [ '5.0.1' ],
21 silly audit   toidentifier: [ '1.0.1' ],
21 silly audit   touch: [ '3.1.1' ],
21 silly audit   'type-is': [ '2.1.0' ],
21 silly audit   undefsafe: [ '2.0.5' ],
21 silly audit   unpipe: [ '1.0.0' ],
21 silly audit   vary: [ '1.1.2' ],
21 silly audit   wrappy: [ '1.0.2' ],
21 silly audit   xtend: [ '4.0.2' ],
21 silly audit   nodemailer: [ '6.9.16' ]
21 silly audit }
22 http fetch GET 200 https://registry.npmjs.org/npm 526ms
23 http cache nodemailer@https://registry.npmjs.org/nodemailer/-/nodemailer-6.9.16.tgz 0ms (cache hit)
24 silly tarball no local data for nodemailer@https://registry.npmjs.org/nodemailer/-/nodemailer-6.9.16.tgz. Extracting by manifest.
25 http fetch GET 200 https://registry.npmjs.org/nodemailer/-/nodemailer-6.9.16.tgz 289ms (cache miss)
26 http fetch POST 200 https://registry.npmjs.org/-/npm/v1/security/advisories/bulk 478ms
27 silly audit report {
27 silly audit report   nodemailer: [
27 silly audit report     {
27 silly audit report       id: 1109804,
27 silly audit report       url: 'https://github.com/advisories/GHSA-mm7p-fcc7-pg87',
27 silly audit report       title: 'Nodemailer: Email to an unintended domain can occur due to Interpretation Conflict',
27 silly audit report       severity: 'moderate',
27 silly audit report       vulnerable_versions: '<7.0.7',
27 silly audit report       cwe: [Array],
27 silly audit report       cvss: [Object]
27 silly audit report     },
27 silly audit report     {
27 silly audit report       id: 1113165,
27 silly audit report       url: 'https://github.com/advisories/GHSA-rcmh-qjqh-p98v',
27 silly audit report       title: 'Nodemailer’s addressparser is vulnerable to DoS caused by recursive calls',
27 silly audit report       severity: 'high',
27 silly audit report       vulnerable_versions: '<=7.0.10',
27 silly audit report       cwe: [Array],
27 silly audit report       cvss: [Object]
27 silly audit report     },
27 silly audit report     {
27 silly audit report       id: 1120795,
27 silly audit report       url: 'https://github.com/advisories/GHSA-268h-hp4c-crq3',
27 silly audit report       title: 'Nodemailer: CRLF injection in Nodemailer List-* header comments allows arbitrary message header injection',
27 silly audit report       severity: 'moderate',
27 silly audit report       vulnerable_versions: '<=8.0.8',
27 silly audit report       cwe: [Array],
27 silly audit report       cvss: [Object]
27 silly audit report     },
27 silly audit report     {
27 silly audit report       id: 1120796,
27 silly audit report       url: 'https://github.com/advisories/GHSA-wqvq-jvpq-h66f',
27 silly audit report       title: 'Nodemailer jsonTransport bypasses disableFileAccess and disableUrlAccess during message normalization',
27 silly audit report       severity: 'moderate',
27 silly audit report       vulnerable_versions: '<=8.0.8',
27 silly audit report       cwe: [Array],
27 silly audit report       cvss: [Object]
27 silly audit report     },
27 silly audit report     {
27 silly audit report       id: 1120797,
27 silly audit report       url: 'https://github.com/advisories/GHSA-r7g4-qg5f-qqm2',
27 silly audit report       title: 'Nodemailer: Improper TLS Certificate Validation in OAuth2 Token Fetch Enables Credential Interception',
27 silly audit report       severity: 'moderate',
27 silly audit report       vulnerable_versions: '<=8.0.7',
27 silly audit report       cwe: [Array],
27 silly audit report       cvss: [Object]
27 silly audit report     },
27 silly audit report     {
27 silly audit report       id: 1121191,
27 silly audit report       url: 'https://github.com/advisories/GHSA-p6gq-j5cr-w38f',
27 silly audit report       title: 'Nodemailer: Message-level raw option bypasses disableFileAccess/disableUrlAccess, enabling arbitrary file read and full-response SSRF in the delivered message',
27 silly audit report       severity: 'high',
27 silly audit report       vulnerable_versions: '<=9.0.0',
27 silly audit report       cwe: [Array],
27 silly audit report       cvss: [Object]
27 silly audit report     },
27 silly audit report     {
27 silly audit report       id: 1115470,
27 silly audit report       url: 'https://github.com/advisories/GHSA-c7w3-x93f-qmm8',
27 silly audit report       title: 'Nodemailer has SMTP command injection due to unsanitized `envelope.size` parameter',
27 silly audit report       severity: 'low',
27 silly audit report       vulnerable_versions: '<8.0.4',
27 silly audit report       cwe: [Array],
27 silly audit report       cvss: [Object]
27 silly audit report     },
27 silly audit report     {
27 silly audit report       id: 1116270,
27 silly audit report       url: 'https://github.com/advisories/GHSA-vvjj-xcjg-gr5g',
27 silly audit report       title: 'Nodemailer Vulnerable to SMTP Command Injection via CRLF in Transport name Option (EHLO/HELO) ',
27 silly audit report       severity: 'moderate',
27 silly audit report       vulnerable_versions: '<=8.0.4',
27 silly audit report       cwe: [Array],
27 silly audit report       cvss: [Object]
27 silly audit report     }
27 silly audit report   ]
27 silly audit report }
28 silly packumentCache corgi:https://registry.npmjs.org/nodemailer cache-miss
29 http fetch GET 200 https://registry.npmjs.org/nodemailer 108ms (cache miss)
30 silly packumentCache corgi:https://registry.npmjs.org/nodemailer set size:undefined disposed:false
31 silly ADD node_modules/nodemailer
32 verbose cwd C:\Users\manfr\Desktop\MGCF-2.0\backend
33 verbose os Windows_NT 10.0.26200
34 verbose node v24.17.0
35 verbose npm  v11.13.0
36 notice
36 notice New minor version of npm available! 11.13.0 -> 11.18.0
36 notice Changelog: https://github.com/npm/cli/releases/tag/v11.18.0
36 notice To update run: npm install -g npm@11.18.0
36 notice  { force: true, Symbol(proc-log.meta): true }
37 verbose exit 0
38 info ok
